<?xml version="1.0" encoding="UTF-8"?>
<!-- Generated by org.testng.reporters.JUnitReportReporter -->
<testsuite skipped="0" hostname="dsnehasr" name="com.training.sanity.tests.CYTC_015_Remove_Adv" tests="1" failures="0" timestamp="08 Mar 2019 08:59:35 GMT" time="31.760" errors="0">
  <testcase name="Validate_Remove_Advertisement" time="31.760" classname="com.training.sanity.tests.CYTC_015_Remove_Adv"/>
</testsuite> <!-- com.training.sanity.tests.CYTC_015_Remove_Adv -->
