<?xml version="1.0" encoding="UTF-8"?>
<!-- Generated by org.testng.reporters.JUnitReportReporter -->
<testsuite skipped="0" hostname="dsnehasr" name="com.training.sanity.tests.CYTC_001_Test" tests="1" failures="0" timestamp="06 Mar 2019 10:26:21 GMT" time="18.888" errors="0">
  <testcase name="validLoginTest" time="18.888" classname="com.training.sanity.tests.CYTC_001_Test"/>
</testsuite> <!-- com.training.sanity.tests.CYTC_001_Test -->
