<?xml version="1.0" encoding="UTF-8"?>
<!-- Generated by org.testng.reporters.JUnitReportReporter -->
<testsuite skipped="0" hostname="dsnehasr" name="com.training.sanity.tests.CYTC_012_Admin_Logout_Test" tests="1" failures="0" timestamp="08 Mar 2019 06:54:37 GMT" time="21.305" errors="0">
  <testcase name="Validate_Admin_Login_Logout_Member" time="21.305" classname="com.training.sanity.tests.CYTC_012_Admin_Logout_Test"/>
</testsuite> <!-- com.training.sanity.tests.CYTC_012_Admin_Logout_Test -->
