<?xml version="1.0" encoding="UTF-8"?>
<!-- Generated by org.testng.reporters.JUnitReportReporter -->
<testsuite skipped="0" hostname="dsnehasr" name="com.training.sanity.tests.CYTC_014_Add_Adv" tests="1" failures="0" timestamp="08 Mar 2019 07:01:35 GMT" time="32.172" errors="0">
  <testcase name="Validate_Add_Advertisement" time="32.172" classname="com.training.sanity.tests.CYTC_014_Add_Adv"/>
</testsuite> <!-- com.training.sanity.tests.CYTC_014_Add_Adv -->
