<?xml version="1.0" encoding="UTF-8"?>
<!-- Generated by org.testng.reporters.JUnitReportReporter -->
<testsuite skipped="0" hostname="dsnehasr" name="com.training.sanity.tests.CYTC_012_Member_Logout_Test" tests="1" failures="0" timestamp="07 Mar 2019 06:11:07 GMT" time="20.578" errors="0">
  <testcase name="Login_Logout_Member" time="20.578" classname="com.training.sanity.tests.CYTC_012_Member_Logout_Test"/>
</testsuite> <!-- com.training.sanity.tests.CYTC_012_Member_Logout_Test -->
