<?xml version="1.0" encoding="UTF-8"?>
<!-- Generated by org.testng.reporters.JUnitReportReporter -->
<testsuite skipped="0" hostname="dsnehasr" name="com.training.sanity.tests.CYTC_011_Test" tests="1" failures="0" timestamp="07 Mar 2019 06:18:54 GMT" time="21.361" errors="0">
  <testcase name="Passwords_are_not_Equal" time="21.361" classname="com.training.sanity.tests.CYTC_011_Test"/>
</testsuite> <!-- com.training.sanity.tests.CYTC_011_Test -->
